C51 COMPILER V8.02   EXAMPLE0                                                              02/13/2011 01:07:26 PAGE 1   


C51 COMPILER V8.02, COMPILATION OF MODULE EXAMPLE0
OBJECT MODULE PLACED IN .\debug\example0.obj
COMPILER INVOKED BY: E:\WorkSpace\Keil UV3\C51\BIN\C51.EXE example0.c LARGE BROWSE DEBUG OBJECTEXTEND PRINT(.\debug\exam
                    -ple0.lst) OBJECT(.\debug\example0.obj)

line level    source

   1          #include "example0.h"
   2          #include "uip.h"
   3          //#include "AT45DB321.h"
   4          #include "USART.h"
   5          #include "stdio.h"
   6          #include <string.h>
   7          
   8          void example0_init(void) 
   9          {
  10   1              uip_listen(HTONS(8000));
  11   1      }
  12          
  13          void example0_app(void) 
  14          {
  15   1              u16_t i;
  16   1      //      u16_t sector;
  17   1              if(uip_connected())
  18   1              {
  19   2                      SendString("example0 is connected!\r\n");
  20   2              }
  21   1              if(uip_newdata() || uip_rexmit()) 
  22   1              {
  23   2                      SendString("example0 is uip_newdata!\r\n");             
  24   2                      //memcpy(RxdBuf, uip_appdata, uip_len);
  25   2      
  26   2                      /*
  27   2                      printuf("\r\n收到0x%x 字节\r\n", uip_len);
  28   2                      for(i=0;i<uip_len;i++)
  29   2                      {
  30   2                              printuf("%x ", uip_appdata[i]);
  31   2                      }
  32   2                      */
  33   2                      if (uip_len == 2)
  34   2                      {
  35   3                              if(uip_appdata[0] == 0x02)
  36   3                                      if(uip_appdata[1] == 0x04)
  37   3                                      {
  38   4                                              SendString("正在切换P1_4\r\n");                 
  39   4                                              P1_4 = !P1_4;
  40   4      
  41   4                                              memcpy(&uip_appdata[0], "开发板发送:P1_4已经点亮\r\n", 14 + 12);
  42   4                                              uip_send(&uip_appdata[0], 14 + 12);
  43   4                                      }
  44   3                                      else if(uip_appdata[1] == 0x05)
  45   3                                      {
  46   4                                              SendString("正在切换P1_5\r\n");                 
  47   4                                              P1_5 = !P1_5;
  48   4      
  49   4                                              memcpy(&uip_appdata[0], "开发板发送:P1_5已经点亮\r\n", 14 + 12);
  50   4                                              uip_send(&uip_appdata[0], 14 + 12);
  51   4                                      }
  52   3                      }
  53   2              }
  54   1      }
C51 COMPILER V8.02   EXAMPLE0                                                              02/13/2011 01:07:26 PAGE 2   

*** WARNING C280 IN LINE 15 OF EXAMPLE0.C: 'i': unreferenced local variable


MODULE INFORMATION:   STATIC OVERLAYABLE
   CODE SIZE        =    217    ----
   CONSTANT SIZE    =    132    ----
   XDATA SIZE       =   ----       2
   PDATA SIZE       =   ----    ----
   DATA SIZE        =   ----    ----
   IDATA SIZE       =   ----    ----
   BIT SIZE         =   ----    ----
END OF MODULE INFORMATION.


C51 COMPILATION COMPLETE.  1 WARNING(S),  0 ERROR(S)
