C51 COMPILER V7.50   接收端                                                                06/07/2008 16:32:49 PAGE 1   


C51 COMPILER V7.50, COMPILATION OF MODULE 接收端
OBJECT MODULE PLACED IN 接收端.OBJ
COMPILER INVOKED BY: C:\Keil\C51\BIN\C51.EXE 接收端.c DEBUG OBJECTEXTEND

line level    source

   1          #include<reg51.h>
   2          
   3          #define WC              0x00
   4          #define RC              0x10
   5          #define WTP             0x20
   6          #define RTP             0x21
   7          #define WTA             0x22
   8          #define RTA             0x23
   9          #define RRP             0x24
  10          #define BYTE_BIT0       0x01
  11          #define uchar unsigned char
  12          #define uint unsigned int
  13          unsigned char idata RFConf[11]=
  14          {
  15            0x00,                             //配置命令//
  16            0x4c,                             //CH_NO,配置频段在423MHZ
  17            0x0c,                             //输出功率为10db,不重发，节电为正常模式
  18            0x44,                             //地址宽度设置，为4字节
  19            0x03,0x03,                        //接收发送有效数据长度为3字节
  20            0xCC,0xCC,0xCC,0xCC,              //接收地址
  21            0x58,                             //CRC充许，8位CRC校验，外部时钟信号不使能，16M晶振
  22          };
  23          unsigned char rx_Buffer[]={0};          //用于存放接收到的数据
  24          uchar position[3]={0xFE,0xFC,0xFB};
  25          bdata unsigned  char DATA_BUF;
  26          sbit flag=DATA_BUF^7;
  27          
  28          sbit AM=P3^7;
  29          sbit CD=P3^6;
  30          sbit CSN=P1^0;
  31          sbit SCK=P1^1;
  32          sbit MISO=P1^2;
  33          sbit MOSI=P1^3;
  34          sbit DR=P1^4;
  35          sbit PWR=P1^5;
  36          sbit TRX_CE=P1^6;
  37          sbit TXEN=P1^7;
  38          sbit send_reset =P3^4;
  39          //---------------延时--------------//
  40          void Delay(unsigned char n)
  41          {
  42   1              unsigned int i;
  43   1              while(n--)
  44   1              for(i=0;i<80;i++);
  45   1      }
  46          
  47          void Delay_ms(uchar n)
  48          { 
  49   1              unsigned int i,j,k;
  50   1      
  51   1              for(i=0;i<n;i++)
  52   1              {
  53   2                      for(k=0;k<5;k++)
  54   2                      {
  55   3                              for(j=0;j<200;j++);     
C51 COMPILER V7.50   接收端                                                                06/07/2008 16:32:49 PAGE 2   

  56   3                      }
  57   2              }
  58   1      }
  59          
  60          void Delay_us(uchar n)
  61          {
  62   1              uint i;
  63   1              for(i=0;i<n;i++);
  64   1      }
  65          
  66          
  67          
  68          //------------SPI写操作代码---------//
  69          
  70          void SpiWrite(unsigned char send)
  71          {
  72   1              unsigned char i;
  73   1              DATA_BUF=send;
  74   1              for (i=0;i<8;i++)
  75   1              {
  76   2                      if (flag)       //总是发送最高位
  77   2                      {
  78   3                              MOSI=1;
  79   3                      }
  80   2                      else
  81   2                      {
  82   3                              MOSI=0;
  83   3                      }
  84   2                      SCK=1;
  85   2                      DATA_BUF=DATA_BUF<<1;
  86   2                      SCK=0;
  87   2              }
  88   1      }
  89          
  90          
  91          //------------SPI读操作代码---------//
  92          unsigned char SpiRead(void)
  93          {
  94   1              unsigned char j;
  95   1              for (j=0;j<8;j++)
  96   1              {
  97   2              DATA_BUF=DATA_BUF<<1;
  98   2                      SCK=1;
  99   2                      if (MISO)       //读取最高位，保存至最末尾，通过左移位完成整个字节
 100   2                      {
 101   3                              DATA_BUF|=BYTE_BIT0;
 102   3                      }
 103   2                      else
 104   2                      {
 105   3                              DATA_BUF&=~BYTE_BIT0;
 106   3                      }
 107   2                      SCK=0;
 108   2               }
 109   1               return DATA_BUF;
 110   1      }
 111          //-----------resive 状态设置------------------//
 112          void SetRxMode(void)
 113          {
 114   1              TXEN=0;
 115   1              TRX_CE=1;
 116   1              Delay(1);                                       // delay for mode change(>=650us)
 117   1      }
C51 COMPILER V7.50   接收端                                                                06/07/2008 16:32:49 PAGE 3   

 118          //-------------初始化设置---------------//
 119          void nRF905Init(void)
 120          {
 121   1          CSN=1;                                              // Spi  disable
 122   1              SCK=0;                                          // Spi clock line init low
 123   1              DR=1;                                           // 激活单片机IO
 124   1              AM=0;                                           // Init AM for input
 125   1              CD=0;                                           // Init CD for input
 126   1              PWR=1;                                      // nRF905 power on
 127   1              TRX_CE=0;                                       // Set nRF905 in standby mode
 128   1              TXEN=0;                                     // set radio in Rx mode
 129   1      }
 130          
 131          
 132          //----------设置配置寄存器-------//
 133          void Config905(void)
 134          {
 135   1              unsigned char i;
 136   1              CSN=0;                                          
 137   1              //SpiWrite(WC);                         
 138   1              for (i=0;i<11;i++)      
 139   1              {
 140   2                 SpiWrite(RFConf[i]);
 141   2              }
 142   1              CSN=1;                                  
 143   1      }
 144          
 145          //--------------读取RF905接收数据------------//
 146          void RxPacket(void)                                             
 147          {
 148   1              unsigned char i;
 149   1          Delay(1);
 150   1      //      TRX_CE=0;                                       // Set nRF905 in standby mode
 151   1          Delay(100);
 152   1          TRX_CE=0;
 153   1              CSN=0;                                          // Spi enable for write a spi command
 154   1          Delay(1);
 155   1              SpiWrite(RRP);
 156   1              for (i = 0 ;i < 3 ;i++)
 157   1                  { 
 158   2                       rx_Buffer[i]=SpiRead();                // Read data and save to buffer       
 159   2                   }
 160   1              CSN=1;
 161   1           Delay(100);
 162   1               Delay(100);
 163   1           Delay(10);
 164   1               Delay_ms(1000); 
 165   1               TRX_CE=1;                                                      
 166   1      }
 167          //-------检查是否有新数据传入-----------//
 168          unsigned char CheckDR(void)             //检查是否有新数据传入 Data Ready
 169          {
 170   1              if (DR)                    //当数据完全接收DR为1
 171   1              {
 172   2            
 173   2                      return 1;
 174   2              }
 175   1              else
 176   1              {
 177   2                      return 0;
 178   2              }
 179   1      }
C51 COMPILER V7.50   接收端                                                                06/07/2008 16:32:49 PAGE 4   

 180          
 181          
 182          //------------------------------数据接收------------------//
 183          void  RX(void)
 184          {
 185   1                SetRxMode();                        // Set nRF905 in Rx mode
 186   1                while (CheckDR()==0);       //RX wait
 187   1                        Delay(100);
 188   1                        RxPacket();
 189   1                        Delay_ms(1000);  
 190   1                       
 191   1                        Delay_ms(1000); 
 192   1      }
 193          
 194          void display()
 195           {
 196   1         uchar i;
 197   1      
 198   1            for(i=0;i<3;i++)
 199   1             {  
 200   2                    P2=rx_Buffer[i]; 
 201   2                        P0=position[i];
 202   2                    Delay_us(1000); 
 203   2                    P0=0xff;
 204   2              }
 205   1               }              
 206           
 207          //-------------主函数---------------// 
 208          void main()
 209           {
 210   1        P0=0X00;
 211   1        P2=0X37;
 212   1         Delay_ms(100); 
 213   1        nRF905Init();
 214   1        Config905();
 215   1        while(1)
 216   1               {
 217   2                P0=0XFF;  
 218   2               RX();
 219   2                        P0=0X00;
 220   2                        Delay_ms(100); 
 221   2                        P0=0XFF; 
 222   2                       display();
 223   2                         /* while(send_reset==0);
 224   2                                        Delay_ms(10);
 225   2                                if(send_reset==0)
 226   2                                   {
 227   2                                          while(key==1);
 228   2                                       }
 229   2                               */
 230   2                }
 231   1      
 232   1      }


MODULE INFORMATION:   STATIC OVERLAYABLE
   CODE SIZE        =    370    ----
   CONSTANT SIZE    =   ----    ----
   XDATA SIZE       =   ----    ----
   PDATA SIZE       =   ----    ----
   DATA SIZE        =      5    ----
   IDATA SIZE       =     11    ----
C51 COMPILER V7.50   接收端                                                                06/07/2008 16:32:49 PAGE 5   

   BIT SIZE         =   ----    ----
END OF MODULE INFORMATION.


C51 COMPILATION COMPLETE.  0 WARNING(S),  0 ERROR(S)
