C51 COMPILER V8.02   TCP_SERVER                                                            02/13/2011 01:07:26 PAGE 1   


C51 COMPILER V8.02, COMPILATION OF MODULE TCP_SERVER
OBJECT MODULE PLACED IN .\debug\tcp_server.obj
COMPILER INVOKED BY: E:\WorkSpace\Keil UV3\C51\BIN\C51.EXE tcp_server.c LARGE BROWSE DEBUG OBJECTEXTEND PRINT(.\debug\tc
                    -p_server.lst) OBJECT(.\debug\tcp_server.obj)

line level    source

   1          #include "example0.h"
   2          #include "example1.h"
   3          #include "tcp_server.h"
   4          //#include "httpd.h"
   5          #include "uip.h"
   6          #include "mcu_uart.h"
   7          
   8          
   9          void tcp_server_init(void) 
  10          {
  11   1              httpd_init();
  12   1              example0_init();
  13   1              example1_init();
  14   1      }
  15          
  16          void tcp_server_appcall(void) 
  17          {
  18   1      /*
  19   1              u8_t i;
  20   1                      printuf("\r\nÊÕµ½0x%x ×Ö½Ú\r\n", uip_len);
  21   1                      for(i=0;i<uip_len;i++)
  22   1                      {
  23   1                              printuf("%x ", uip_appdata[i]);
  24   1                      }
  25   1      */
  26   1              switch(uip_conn->lport) 
  27   1              {
  28   2                      case HTONS(80):
  29   2                              httpd_appcall();break;
  30   2                      case HTONS(8000):
  31   2                              example0_app();break;
  32   2                      case HTONS(8001):
  33   2                              example1_app();break;
  34   2              }
  35   1      }


MODULE INFORMATION:   STATIC OVERLAYABLE
   CODE SIZE        =     55    ----
   CONSTANT SIZE    =   ----    ----
   XDATA SIZE       =   ----    ----
   PDATA SIZE       =   ----    ----
   DATA SIZE        =   ----    ----
   IDATA SIZE       =   ----    ----
   BIT SIZE         =   ----    ----
END OF MODULE INFORMATION.


C51 COMPILATION COMPLETE.  0 WARNING(S),  0 ERROR(S)
